<?xml version="1.0" encoding="UTF-8"?>
<!-- Generated by org.testng.reporters.JUnitXMLReporter -->
<testsuite ignored="0" hostname="DESKTOP-07935JK" failures="0" tests="12" name="Test" time="24.317" errors="0" timestamp="2024-08-23T20:18:33 IST">
  <testcase classname="testNG.ListenerTestCaseClass" name="@BeforeClass setUpMethod" time="23.814">
    <failure type="org.openqa.selenium.NoSuchWindowException" message="no such window: target window already closed
from unknown error: web view not found
  (Session info: chrome=128.0.6613.85)
Build info: version: &amp;apos;4.21.0&amp;apos;, revision: &amp;apos;79ed462ef4&amp;apos;
System info: os.name: &amp;apos;Windows 10&amp;apos;, os.arch: &amp;apos;amd64&amp;apos;, os.version: &amp;apos;10.0&amp;apos;, java.version: &amp;apos;17&amp;apos;
Driver info: org.openqa.selenium.chrome.ChromeDriver
Command: [72de799fe8b30aff8d960b2bef9b436d, maximizeCurrentWindow {}]
Capabilities {acceptInsecureCerts: false, browserName: chrome, browserVersion: 128.0.6613.85, chrome: {chromedriverVersion: 128.0.6613.84 (606aa55c7d68..., userDataDir: C:\Users\VANGAP~1\AppData\L...}, fedcm:accounts: true, goog:chromeOptions: {debuggerAddress: localhost:51256}, networkConnectionEnabled: false, pageLoadStrategy: normal, platformName: windows, proxy: Proxy(), se:cdp: ws://localhost:51256/devtoo..., se:cdpVersion: 128.0.6613.85, setWindowRect: true, strictFileInteractability: false, timeouts: {implicit: 0, pageLoad: 300000, script: 30000}, unhandledPromptBehavior: dismiss and notify, webauthn:extension:credBlob: true, webauthn:extension:largeBlob: true, webauthn:extension:minPinLength: true, webauthn:extension:prf: true, webauthn:virtualAuthenticators: true}
Session ID: 72de799fe8b30aff8d960b2bef9b436d">
      <![CDATA[org.openqa.selenium.NoSuchWindowException: no such window: target window already closed
from unknown error: web view not found
  (Session info: chrome=128.0.6613.85)
Build info: version: '4.21.0', revision: '79ed462ef4'
System info: os.name: 'Windows 10', os.arch: 'amd64', os.version: '10.0', java.version: '17'
Driver info: org.openqa.selenium.chrome.ChromeDriver
Command: [72de799fe8b30aff8d960b2bef9b436d, maximizeCurrentWindow {}]
Capabilities {acceptInsecureCerts: false, browserName: chrome, browserVersion: 128.0.6613.85, chrome: {chromedriverVersion: 128.0.6613.84 (606aa55c7d68..., userDataDir: C:\Users\VANGAP~1\AppData\L...}, fedcm:accounts: true, goog:chromeOptions: {debuggerAddress: localhost:51256}, networkConnectionEnabled: false, pageLoadStrategy: normal, platformName: windows, proxy: Proxy(), se:cdp: ws://localhost:51256/devtoo..., se:cdpVersion: 128.0.6613.85, setWindowRect: true, strictFileInteractability: false, timeouts: {implicit: 0, pageLoad: 300000, script: 30000}, unhandledPromptBehavior: dismiss and notify, webauthn:extension:credBlob: true, webauthn:extension:largeBlob: true, webauthn:extension:minPinLength: true, webauthn:extension:prf: true, webauthn:virtualAuthenticators: true}
Session ID: 72de799fe8b30aff8d960b2bef9b436d
at org.openqa.selenium.remote.ErrorCodec.decode(ErrorCodec.java:167)
at org.openqa.selenium.remote.codec.w3c.W3CHttpResponseCodec.decode(W3CHttpResponseCodec.java:138)
at org.openqa.selenium.remote.codec.w3c.W3CHttpResponseCodec.decode(W3CHttpResponseCodec.java:50)
at org.openqa.selenium.remote.HttpCommandExecutor.execute(HttpCommandExecutor.java:190)
at org.openqa.selenium.remote.service.DriverCommandExecutor.invokeExecute(DriverCommandExecutor.java:216)
at org.openqa.selenium.remote.service.DriverCommandExecutor.execute(DriverCommandExecutor.java:174)
at org.openqa.selenium.remote.RemoteWebDriver.execute(RemoteWebDriver.java:518)
at org.openqa.selenium.remote.RemoteWebDriver.execute(RemoteWebDriver.java:591)
at org.openqa.selenium.remote.RemoteWebDriver.execute(RemoteWebDriver.java:595)
at org.openqa.selenium.remote.RemoteWebDriver$RemoteWebDriverOptions$RemoteWindow.maximize(RemoteWebDriver.java:1034)
at testNG.ListenerTestCaseClass.setUpMethod(ListenerTestCaseClass.java:32)
at java.base/java.util.ArrayList.forEach(ArrayList.java:1511)
... Removed 30 stack frames]]>
    </failure>
  </testcase> <!-- @BeforeClass setUpMethod -->
  <testcase classname="testNG.ListenerTestCaseClass" name="@AfterClass tearDownMethod" time="0.0">
    <skipped/>
  </testcase> <!-- @AfterClass tearDownMethod -->
  <testcase classname="testNG.ListenerTestCaseClass" name="passMethod" time="0.0">
    <skipped/>
  </testcase> <!-- passMethod -->
  <testcase classname="testNG.ListenerTestCaseClass" name="failMethod" time="0.0">
    <skipped/>
  </testcase> <!-- failMethod -->
  <testcase classname="testNG.ListenerTestCaseClass" name="skipMethod" time="0.0">
    <skipped/>
  </testcase> <!-- skipMethod -->
  <testcase classname="testNG.TestNgAnnotations" name="dataProviderTest" time="0.002"/>
  <testcase classname="testNG.TestNgAnnotations" name="dataProviderTest" time="0.001"/>
  <testcase classname="testNG.TestNgAnnotations" name="dependsOnMethods" time="0.003"/>
  <testcase classname="testNG.TestNgAnnotations" name="invocationCount" time="0.003"/>
  <testcase classname="testNG.TestNgAnnotations" name="invocationCount" time="0.001"/>
  <testcase classname="testNG.TestNgAnnotations" name="invocationCount" time="0.005"/>
  <testcase classname="testNG.TestNgAnnotations" name="parameters" time="0.001"/>
  <testcase classname="testNG.TestNgAnnotations" name="parametersOptional" time="0.002"/>
  <testcase classname="testNG.TestNgAnnotations" name="enabled" time="0.003"/>
</testsuite> <!-- Test -->
