<?xml version="1.0" encoding="UTF-8"?>
<!-- Generated by org.testng.reporters.JUnitXMLReporter -->
<testsuite ignored="0" hostname="DESKTOP-07935JK" failures="2" tests="19" name="Test" time="12.49" errors="0" timestamp="2024-08-22T16:06:08 IST">
  <testcase classname="restAssured.RestAssured" name="testing" time="0.004"/>
  <testcase classname="restAssuredDemo.Rest" name="restCheck" time="2.472"/>
  <testcase classname="restAssuredDemo.Rest" name="GetJsonArrayData" time="0.397"/>
  <testcase classname="restAssuredDemo.Rest" name="PostMethod" time="0.897"/>
  <testcase classname="restAssuredDemo.Rest" name="DeleteMethod" time="0.621"/>
  <testcase classname="restAssuredDemo.Rest" name="PutMethod" time="0.686"/>
  <testcase classname="restAssured.RestAuthentication" name="restBasicAuthentication" time="2.483"/>
  <testcase classname="restAssured.RestAuthentication" name="bearerTokenAuth" time="0.55">
    <failure type="java.lang.AssertionError" message="Request failed expected [401] but found [200]">
      <![CDATA[java.lang.AssertionError: Request failed expected [401] but found [200]
at restAssured.RestAuthentication.bearerTokenAuth(RestAuthentication.java:54)
at java.base/java.util.ArrayList.forEach(ArrayList.java:1511)
... Removed 37 stack frames]]>
    </failure>
  </testcase> <!-- bearerTokenAuth -->
  <testcase classname="restAssured.RestAuthentication" name="OAuth2" time="0.46">
    <failure type="java.lang.AssertionError" message="Request failed expected [401] but found [200]">
      <![CDATA[java.lang.AssertionError: Request failed expected [401] but found [200]
at restAssured.RestAuthentication.OAuth2(RestAuthentication.java:84)
at java.base/java.util.ArrayList.forEach(ArrayList.java:1511)
... Removed 37 stack frames]]>
    </failure>
  </testcase> <!-- OAuth2 -->
  <testcase classname="restAssured.RestAuthentication" name="restBasicAuthenticationWithGivenWhen" time="3.842"/>
  <testcase classname="testNG.TestNgAnnotations" name="dataProviderTest" time="0.001"/>
  <testcase classname="testNG.TestNgAnnotations" name="dataProviderTest" time="0.0"/>
  <testcase classname="testNG.TestNgAnnotations" name="dependsOnMethods" time="0.0"/>
  <testcase classname="testNG.TestNgAnnotations" name="invocationCount" time="0.0"/>
  <testcase classname="testNG.TestNgAnnotations" name="invocationCount" time="0.0"/>
  <testcase classname="testNG.TestNgAnnotations" name="invocationCount" time="0.0"/>
  <testcase classname="testNG.TestNgAnnotations" name="parameters" time="0.0"/>
  <testcase classname="testNG.TestNgAnnotations" name="parametersOptional" time="0.0"/>
  <testcase classname="testNG.TestNgAnnotations" name="enabled" time="0.0"/>
</testsuite> <!-- Test -->
