<?xml version="1.0" encoding="UTF-8"?>
<testng-results ignored="0" total="19" passed="17" failed="2" skipped="0">
  <reporter-output>
  </reporter-output>
  <suite started-at="2024-09-21T15:38:38 IST" name="Suite" finished-at="2024-09-21T15:38:46 IST" duration-ms="8033">
    <groups>
      <group name="test">
        <method signature="TestNgAnnotations.dependsOnMethods()[pri:0, instance:testNG.TestNgAnnotations@7e0b85f9]" name="dependsOnMethods" class="testNG.TestNgAnnotations"/>
        <method signature="TestNgAnnotations.invocationCount()[pri:0, instance:testNG.TestNgAnnotations@7e0b85f9]" name="invocationCount" class="testNG.TestNgAnnotations"/>
      </group> <!-- test -->
      <group name="Notest">
        <method signature="TestNgAnnotations.parameters(java.lang.String,java.lang.String)[pri:0, instance:testNG.TestNgAnnotations@7e0b85f9]" name="parameters" class="testNG.TestNgAnnotations"/>
        <method signature="TestNgAnnotations.parametersOptional(java.lang.String,java.lang.String,java.lang.String)[pri:0, instance:testNG.TestNgAnnotations@7e0b85f9]" name="parametersOptional" class="testNG.TestNgAnnotations"/>
      </group> <!-- Notest -->
    </groups>
    <test started-at="2024-09-21T15:38:38 IST" name="Test" finished-at="2024-09-21T15:38:46 IST" duration-ms="8033">
      <class name="testNG.TestNgAnnotations">
        <test-method signature="dataProviderTest(java.lang.String,java.lang.String)[pri:0, instance:testNG.TestNgAnnotations@7e0b85f9]" started-at="2024-09-21T15:38:46 IST" name="dataProviderTest" data-provider="TestData" finished-at="2024-09-21T15:38:46 IST" duration-ms="0" status="PASS">
          <params>
            <param index="0">
              <value>
                <![CDATA[prashanth]]>
              </value>
            </param>
            <param index="1">
              <value>
                <![CDATA[password2]]>
              </value>
            </param>
          </params>
          <reporter-output>
          </reporter-output>
        </test-method> <!-- dataProviderTest -->
        <test-method signature="dependsOnMethods()[pri:0, instance:testNG.TestNgAnnotations@7e0b85f9]" started-at="2024-09-21T15:38:46 IST" name="dependsOnMethods" finished-at="2024-09-21T15:38:46 IST" depends-on-methods="testNG.TestNgAnnotations.dataProviderTest" duration-ms="0" status="PASS">
          <reporter-output>
          </reporter-output>
        </test-method> <!-- dependsOnMethods -->
        <test-method signature="dataProviderTest(java.lang.String,java.lang.String)[pri:0, instance:testNG.TestNgAnnotations@7e0b85f9]" started-at="2024-09-21T15:38:46 IST" name="dataProviderTest" data-provider="TestData" finished-at="2024-09-21T15:38:46 IST" duration-ms="0" status="PASS">
          <params>
            <param index="0">
              <value>
                <![CDATA[prash]]>
              </value>
            </param>
            <param index="1">
              <value>
                <![CDATA[password1]]>
              </value>
            </param>
          </params>
          <reporter-output>
          </reporter-output>
        </test-method> <!-- dataProviderTest -->
        <test-method signature="invocationCount()[pri:0, instance:testNG.TestNgAnnotations@7e0b85f9]" started-at="2024-09-21T15:38:46 IST" name="invocationCount" finished-at="2024-09-21T15:38:46 IST" duration-ms="0" status="PASS">
          <reporter-output>
          </reporter-output>
        </test-method> <!-- invocationCount -->
        <test-method signature="invocationCount()[pri:0, instance:testNG.TestNgAnnotations@7e0b85f9]" started-at="2024-09-21T15:38:46 IST" name="invocationCount" finished-at="2024-09-21T15:38:46 IST" duration-ms="0" status="PASS">
          <reporter-output>
          </reporter-output>
        </test-method> <!-- invocationCount -->
        <test-method signature="invocationCount()[pri:0, instance:testNG.TestNgAnnotations@7e0b85f9]" started-at="2024-09-21T15:38:46 IST" name="invocationCount" finished-at="2024-09-21T15:38:46 IST" duration-ms="0" status="PASS">
          <reporter-output>
          </reporter-output>
        </test-method> <!-- invocationCount -->
        <test-method signature="parameters(java.lang.String,java.lang.String)[pri:0, instance:testNG.TestNgAnnotations@7e0b85f9]" started-at="2024-09-21T15:38:46 IST" name="parameters" finished-at="2024-09-21T15:38:46 IST" duration-ms="0" status="PASS">
          <params>
            <param index="0">
              <value>
                <![CDATA[chrome]]>
              </value>
            </param>
            <param index="1">
              <value>
                <![CDATA[chrome.exe]]>
              </value>
            </param>
          </params>
          <reporter-output>
          </reporter-output>
        </test-method> <!-- parameters -->
        <test-method signature="enabled()[pri:1, instance:testNG.TestNgAnnotations@7e0b85f9]" started-at="2024-09-21T15:38:46 IST" name="enabled" finished-at="2024-09-21T15:38:46 IST" duration-ms="0" status="PASS">
          <reporter-output>
          </reporter-output>
        </test-method> <!-- enabled -->
        <test-method signature="parametersOptional(java.lang.String,java.lang.String,java.lang.String)[pri:0, instance:testNG.TestNgAnnotations@7e0b85f9]" started-at="2024-09-21T15:38:46 IST" name="parametersOptional" finished-at="2024-09-21T15:38:46 IST" duration-ms="0" status="PASS">
          <params>
            <param index="0">
              <value>
                <![CDATA[chrome]]>
              </value>
            </param>
            <param index="1">
              <value>
                <![CDATA[chrome.exe]]>
              </value>
            </param>
            <param index="2">
              <value>
                <![CDATA[www.google.com]]>
              </value>
            </param>
          </params>
          <reporter-output>
          </reporter-output>
        </test-method> <!-- parametersOptional -->
      </class> <!-- testNG.TestNgAnnotations -->
      <class name="restAssured.RestAssured">
        <test-method signature="testing()[pri:0, instance:restAssured.RestAssured@353d0772]" started-at="2024-09-21T15:38:38 IST" name="testing" finished-at="2024-09-21T15:38:38 IST" duration-ms="0" status="PASS">
          <reporter-output>
          </reporter-output>
        </test-method> <!-- testing -->
      </class> <!-- restAssured.RestAssured -->
      <class name="restAssuredDemo.Rest">
        <test-method signature="restCheck()[pri:0, instance:restAssuredDemo.Rest@9225652]" started-at="2024-09-21T15:38:38 IST" name="restCheck" finished-at="2024-09-21T15:38:40 IST" duration-ms="2066" status="PASS">
          <reporter-output>
          </reporter-output>
        </test-method> <!-- restCheck -->
        <test-method signature="GetJsonArrayData()[pri:1, instance:restAssuredDemo.Rest@9225652]" started-at="2024-09-21T15:38:40 IST" name="GetJsonArrayData" finished-at="2024-09-21T15:38:41 IST" duration-ms="188" status="PASS">
          <reporter-output>
          </reporter-output>
        </test-method> <!-- GetJsonArrayData -->
        <test-method signature="PostMethod()[pri:2, instance:restAssuredDemo.Rest@9225652]" started-at="2024-09-21T15:38:41 IST" name="PostMethod" finished-at="2024-09-21T15:38:41 IST" duration-ms="499" status="PASS">
          <reporter-output>
          </reporter-output>
        </test-method> <!-- PostMethod -->
        <test-method signature="DeleteMethod()[pri:3, instance:restAssuredDemo.Rest@9225652]" started-at="2024-09-21T15:38:41 IST" name="DeleteMethod" finished-at="2024-09-21T15:38:41 IST" duration-ms="363" status="PASS">
          <reporter-output>
          </reporter-output>
        </test-method> <!-- DeleteMethod -->
        <test-method signature="PutMethod()[pri:4, instance:restAssuredDemo.Rest@9225652]" started-at="2024-09-21T15:38:41 IST" name="PutMethod" finished-at="2024-09-21T15:38:42 IST" duration-ms="405" status="PASS">
          <reporter-output>
          </reporter-output>
        </test-method> <!-- PutMethod -->
      </class> <!-- restAssuredDemo.Rest -->
      <class name="restAssured.RestAuthentication">
        <test-method signature="restBasicAuthentication()[pri:0, instance:restAssured.RestAuthentication@654f0d9c]" started-at="2024-09-21T15:38:42 IST" name="restBasicAuthentication" finished-at="2024-09-21T15:38:44 IST" duration-ms="1979" status="PASS">
          <reporter-output>
          </reporter-output>
        </test-method> <!-- restBasicAuthentication -->
        <test-method signature="bearerTokenAuth()[pri:2, instance:restAssured.RestAuthentication@654f0d9c]" started-at="2024-09-21T15:38:44 IST" name="bearerTokenAuth" finished-at="2024-09-21T15:38:44 IST" duration-ms="415" status="FAIL">
          <exception class="java.lang.AssertionError">
            <message>
              <![CDATA[Request failed expected [401] but found [200]]]>
            </message>
            <full-stacktrace>
              <![CDATA[java.lang.AssertionError: Request failed expected [401] but found [200]
at org.testng.Assert.fail(Assert.java:111)
at org.testng.Assert.failNotEquals(Assert.java:1578)
at org.testng.Assert.assertEqualsImpl(Assert.java:150)
at org.testng.Assert.assertEquals(Assert.java:132)
at org.testng.Assert.assertEquals(Assert.java:1419)
at org.testng.Assert.assertEquals(Assert.java:1383)
at restAssured.RestAuthentication.bearerTokenAuth(RestAuthentication.java:55)
at java.base/jdk.internal.reflect.NativeMethodAccessorImpl.invoke0(Native Method)
at java.base/jdk.internal.reflect.NativeMethodAccessorImpl.invoke(NativeMethodAccessorImpl.java:77)
at java.base/jdk.internal.reflect.DelegatingMethodAccessorImpl.invoke(DelegatingMethodAccessorImpl.java:43)
at java.base/java.lang.reflect.Method.invoke(Method.java:568)
at org.testng.internal.invokers.MethodInvocationHelper.invokeMethod(MethodInvocationHelper.java:141)
at org.testng.internal.invokers.TestInvoker.invokeMethod(TestInvoker.java:686)
at org.testng.internal.invokers.TestInvoker.invokeTestMethod(TestInvoker.java:230)
at org.testng.internal.invokers.MethodRunner.runInSequence(MethodRunner.java:63)
at org.testng.internal.invokers.TestInvoker$MethodInvocationAgent.invoke(TestInvoker.java:992)
at org.testng.internal.invokers.TestInvoker.invokeTestMethods(TestInvoker.java:203)
at org.testng.internal.invokers.TestMethodWorker.invokeTestMethods(TestMethodWorker.java:154)
at org.testng.internal.invokers.TestMethodWorker.run(TestMethodWorker.java:134)
at java.base/java.util.ArrayList.forEach(ArrayList.java:1511)
at org.testng.TestRunner.privateRun(TestRunner.java:739)
at org.testng.TestRunner.run(TestRunner.java:614)
at org.testng.SuiteRunner.runTest(SuiteRunner.java:421)
at org.testng.SuiteRunner.runSequentially(SuiteRunner.java:413)
at org.testng.SuiteRunner.privateRun(SuiteRunner.java:373)
at org.testng.SuiteRunner.run(SuiteRunner.java:312)
at org.testng.SuiteRunnerWorker.runSuite(SuiteRunnerWorker.java:52)
at org.testng.SuiteRunnerWorker.run(SuiteRunnerWorker.java:95)
at org.testng.TestNG.runSuitesSequentially(TestNG.java:1274)
at org.testng.TestNG.runSuitesLocally(TestNG.java:1208)
at org.testng.TestNG.runSuites(TestNG.java:1112)
at org.testng.TestNG.run(TestNG.java:1079)
at org.apache.maven.surefire.testng.TestNGExecutor.run(TestNGExecutor.java:283)
at org.apache.maven.surefire.testng.TestNGXmlTestSuite.execute(TestNGXmlTestSuite.java:75)
at org.apache.maven.surefire.testng.TestNGProvider.invoke(TestNGProvider.java:120)
at org.apache.maven.surefire.booter.ForkedBooter.invokeProviderInSameClassLoader(ForkedBooter.java:384)
at org.apache.maven.surefire.booter.ForkedBooter.runSuitesInProcess(ForkedBooter.java:345)
at org.apache.maven.surefire.booter.ForkedBooter.execute(ForkedBooter.java:126)
at org.apache.maven.surefire.booter.ForkedBooter.main(ForkedBooter.java:418)
]]>
            </full-stacktrace>
          </exception> <!-- java.lang.AssertionError -->
          <reporter-output>
          </reporter-output>
        </test-method> <!-- bearerTokenAuth -->
        <test-method signature="OAuth2()[pri:3, instance:restAssured.RestAuthentication@654f0d9c]" started-at="2024-09-21T15:38:44 IST" name="OAuth2" finished-at="2024-09-21T15:38:45 IST" duration-ms="323" status="FAIL">
          <exception class="java.lang.AssertionError">
            <message>
              <![CDATA[Request failed expected [401] but found [200]]]>
            </message>
            <full-stacktrace>
              <![CDATA[java.lang.AssertionError: Request failed expected [401] but found [200]
at org.testng.Assert.fail(Assert.java:111)
at org.testng.Assert.failNotEquals(Assert.java:1578)
at org.testng.Assert.assertEqualsImpl(Assert.java:150)
at org.testng.Assert.assertEquals(Assert.java:132)
at org.testng.Assert.assertEquals(Assert.java:1419)
at org.testng.Assert.assertEquals(Assert.java:1383)
at restAssured.RestAuthentication.OAuth2(RestAuthentication.java:85)
at java.base/jdk.internal.reflect.NativeMethodAccessorImpl.invoke0(Native Method)
at java.base/jdk.internal.reflect.NativeMethodAccessorImpl.invoke(NativeMethodAccessorImpl.java:77)
at java.base/jdk.internal.reflect.DelegatingMethodAccessorImpl.invoke(DelegatingMethodAccessorImpl.java:43)
at java.base/java.lang.reflect.Method.invoke(Method.java:568)
at org.testng.internal.invokers.MethodInvocationHelper.invokeMethod(MethodInvocationHelper.java:141)
at org.testng.internal.invokers.TestInvoker.invokeMethod(TestInvoker.java:686)
at org.testng.internal.invokers.TestInvoker.invokeTestMethod(TestInvoker.java:230)
at org.testng.internal.invokers.MethodRunner.runInSequence(MethodRunner.java:63)
at org.testng.internal.invokers.TestInvoker$MethodInvocationAgent.invoke(TestInvoker.java:992)
at org.testng.internal.invokers.TestInvoker.invokeTestMethods(TestInvoker.java:203)
at org.testng.internal.invokers.TestMethodWorker.invokeTestMethods(TestMethodWorker.java:154)
at org.testng.internal.invokers.TestMethodWorker.run(TestMethodWorker.java:134)
at java.base/java.util.ArrayList.forEach(ArrayList.java:1511)
at org.testng.TestRunner.privateRun(TestRunner.java:739)
at org.testng.TestRunner.run(TestRunner.java:614)
at org.testng.SuiteRunner.runTest(SuiteRunner.java:421)
at org.testng.SuiteRunner.runSequentially(SuiteRunner.java:413)
at org.testng.SuiteRunner.privateRun(SuiteRunner.java:373)
at org.testng.SuiteRunner.run(SuiteRunner.java:312)
at org.testng.SuiteRunnerWorker.runSuite(SuiteRunnerWorker.java:52)
at org.testng.SuiteRunnerWorker.run(SuiteRunnerWorker.java:95)
at org.testng.TestNG.runSuitesSequentially(TestNG.java:1274)
at org.testng.TestNG.runSuitesLocally(TestNG.java:1208)
at org.testng.TestNG.runSuites(TestNG.java:1112)
at org.testng.TestNG.run(TestNG.java:1079)
at org.apache.maven.surefire.testng.TestNGExecutor.run(TestNGExecutor.java:283)
at org.apache.maven.surefire.testng.TestNGXmlTestSuite.execute(TestNGXmlTestSuite.java:75)
at org.apache.maven.surefire.testng.TestNGProvider.invoke(TestNGProvider.java:120)
at org.apache.maven.surefire.booter.ForkedBooter.invokeProviderInSameClassLoader(ForkedBooter.java:384)
at org.apache.maven.surefire.booter.ForkedBooter.runSuitesInProcess(ForkedBooter.java:345)
at org.apache.maven.surefire.booter.ForkedBooter.execute(ForkedBooter.java:126)
at org.apache.maven.surefire.booter.ForkedBooter.main(ForkedBooter.java:418)
]]>
            </full-stacktrace>
          </exception> <!-- java.lang.AssertionError -->
          <reporter-output>
          </reporter-output>
        </test-method> <!-- OAuth2 -->
        <test-method signature="restBasicAuthenticationWithGivenWhen()[pri:4, instance:restAssured.RestAuthentication@654f0d9c]" started-at="2024-09-21T15:38:45 IST" name="restBasicAuthenticationWithGivenWhen" finished-at="2024-09-21T15:38:46 IST" duration-ms="1699" status="PASS">
          <reporter-output>
          </reporter-output>
        </test-method> <!-- restBasicAuthenticationWithGivenWhen -->
      </class> <!-- restAssured.RestAuthentication -->
    </test> <!-- Test -->
  </suite> <!-- Suite -->
</testng-results>
